#
# There is insufficient memory for the Java Runtime Environment to continue.
# Native memory allocation (mmap) failed to map 130023424 bytes for G1 virtual space
# Possible reasons:
#   The system is out of physical RAM or swap space
#   The process is running with CompressedOops enabled, and the Java Heap may be blocking the growth of the native heap
# Possible solutions:
#   Reduce memory load on the system
#   Increase physical memory or swap space
#   Check if swap backing store is full
#   Decrease Java heap size (-Xmx/-Xms)
#   Decrease number of Java threads
#   Decrease Java thread stack sizes (-Xss)
#   Set larger code cache with -XX:ReservedCodeCacheSize=
#   JVM is running with Unscaled Compressed Oops mode in which the Java heap is
#     placed in the first 4GB address space. The Java Heap base address is the
#     maximum limit for the native heap growth. Please use -XX:HeapBaseMinAddress
#     to set the Java Heap base and to place the Java Heap above 4GB virtual address.
# This output file may be truncated or incomplete.
#
#  Out of Memory Error (os_windows.cpp:3552), pid=35128, tid=50964
#
# JRE version:  (17.0.9+11) (build )
# Java VM: Java HotSpot(TM) 64-Bit Server VM (17.0.9+11-LTS-201, mixed mode, sharing, tiered, compressed oops, compressed class ptrs, g1 gc, windows-amd64)
# No core dump will be written. Minidumps are not enabled by default on client versions of Windows
#

---------------  S U M M A R Y ------------

Command Line: -Dfile.encoding=UTF-8 -Dstdout.encoding=UTF-8 -Dstderr.encoding=UTF-8 -XX:+ShowCodeDetailsInExceptionMessages irctc.PACKAGE.COM.IRCTC_Test

Host: 11th Gen Intel(R) Core(TM) i5-1135G7 @ 2.40GHz, 8 cores, 7G,  Windows 11 , 64 bit Build 22621 (10.0.22621.2506)
Time: Wed Jan 24 10:07:48 2024 India Standard Time elapsed time: 0.017371 seconds (0d 0h 0m 0s)

---------------  T H R E A D  ---------------

Current thread (0x00000227cf2d2260):  JavaThread "Unknown thread" [_thread_in_vm, id=50964, stack(0x0000004f05000000,0x0000004f05100000)]

Stack: [0x0000004f05000000,0x0000004f05100000]
Native frames: (J=compiled Java code, j=interpreted, Vv=VM code, C=native code)
V  [jvm.dll+0x678a4a]
V  [jvm.dll+0x7d9cfd]
V  [jvm.dll+0x7db60e]
V  [jvm.dll+0x7dbc73]
V  [jvm.dll+0x245e1f]
V  [jvm.dll+0x6758f9]
V  [jvm.dll+0x66a2a2]
V  [jvm.dll+0x303686]
V  [jvm.dll+0x30ac06]
V  [jvm.dll+0x35a48e]
V  [jvm.dll+0x35a6bf]
V  [jvm.dll+0x2da678]
V  [jvm.dll+0x2db5e4]
V  [jvm.dll+0x7ab6b1]
V  [jvm.dll+0x368041]
V  [jvm.dll+0x78a749]
V  [jvm.dll+0x3ebd4f]
V  [jvm.dll+0x3ed7d1]
C  [jli.dll+0x5297]
C  [ucrtbase.dll+0x29363]
C  [KERNEL32.DLL+0x1257d]
C  [ntdll.dll+0x5aa58]


---------------  P R O C E S S  ---------------

Threads class SMR info:
_java_thread_list=0x00007ff8bb8989d8, length=0, elements={
}

Java Threads: ( => current thread )

Other Threads:
  0x00000227cf32a0f0 GCTaskThread "GC Thread#0" [stack: 0x0000004f05100000,0x0000004f05200000] [id=22924]
  0x00000227cf33bec0 ConcurrentGCThread "G1 Main Marker" [stack: 0x0000004f05200000,0x0000004f05300000] [id=43876]
  0x00000227cf33c7e0 ConcurrentGCThread "G1 Conc#0" [stack: 0x0000004f05300000,0x0000004f05400000] [id=53776]

[error occurred during error reporting (printing all threads), id 0xc0000005, EXCEPTION_ACCESS_VIOLATION (0xc0000005) at pc=0x00007ff8bb0cb2d7]

VM state: not at safepoint (not fully initialized)

VM Mutex/Monitor currently owned by a thread:  ([mutex/lock_event])
[0x00000227cf2ccff0] Heap_lock - owner thread: 0x00000227cf2d2260

Heap address: 0x0000000084200000, size: 1982 MB, Compressed Oops mode: 32-bit

CDS archive(s) mapped at: [0x0000000000000000-0x0000000000000000-0x0000000000000000), size 0, SharedBaseAddress: 0x0000000800000000, ArchiveRelocationMode: 1.
Narrow klass base: 0x0000000000000000, Narrow klass shift: 0, Narrow klass range: 0x0

GC Precious Log:
<Empty>

Heap:
 garbage-first heap   total 0K, used 0K [0x0000000084200000, 0x0000000100000000)
  region size 1024K, 0 young (0K), 0 survivors (0K)

[error occurred during error reporting (printing heap information), id 0xc0000005, EXCEPTION_ACCESS_VIOLATION (0xc0000005) at pc=0x00007ff8bb4b2229]

GC Heap History (0 events):
No events

Deoptimization events (0 events):
No events

Classes unloaded (0 events):
No events

Classes redefined (0 events):
No events

Internal exceptions (0 events):
No events

VM Operations (0 events):
No events

Events (1 events):
Event: 0.011 Loaded shared library C:\Program Files\Java\jdk-17\bin\java.dll


Dynamic libraries:
0x00007ff7aad60000 - 0x00007ff7aad70000 	C:\Program Files\Java\jdk-17\bin\javaw.exe
0x00007ff90d5d0000 - 0x00007ff90d7e7000 	C:\WINDOWS\SYSTEM32\ntdll.dll
0x00007ff90b320000 - 0x00007ff90b3e4000 	C:\WINDOWS\System32\KERNEL32.DLL
0x00007ff90ae50000 - 0x00007ff90b1f6000 	C:\WINDOWS\System32\KERNELBASE.dll
0x00007ff90ad30000 - 0x00007ff90ae41000 	C:\WINDOWS\System32\ucrtbase.dll
0x00007ff8f5230000 - 0x00007ff8f5249000 	C:\Program Files\Java\jdk-17\bin\jli.dll
0x00007ff8ff1f0000 - 0x00007ff8ff20b000 	C:\Program Files\Java\jdk-17\bin\VCRUNTIME140.dll
0x00007ff90d330000 - 0x00007ff90d3e3000 	C:\WINDOWS\System32\ADVAPI32.dll
0x00007ff90cc40000 - 0x00007ff90cce7000 	C:\WINDOWS\System32\msvcrt.dll
0x00007ff90bf90000 - 0x00007ff90c038000 	C:\WINDOWS\System32\sechost.dll
0x00007ff90abe0000 - 0x00007ff90ac08000 	C:\WINDOWS\System32\bcrypt.dll
0x00007ff90c530000 - 0x00007ff90c647000 	C:\WINDOWS\System32\RPCRT4.dll
0x00007ff90b4f0000 - 0x00007ff90b69e000 	C:\WINDOWS\System32\USER32.dll
0x00007ff90b280000 - 0x00007ff90b2a6000 	C:\WINDOWS\System32\win32u.dll
0x00007ff8f0db0000 - 0x00007ff8f1043000 	C:\WINDOWS\WinSxS\amd64_microsoft.windows.common-controls_6595b64144ccf1df_6.0.22621.2506_none_270c5ae97388e100\COMCTL32.dll
0x00007ff90c380000 - 0x00007ff90c3a9000 	C:\WINDOWS\System32\GDI32.dll
0x00007ff90ac10000 - 0x00007ff90ad28000 	C:\WINDOWS\System32\gdi32full.dll
0x00007ff90a910000 - 0x00007ff90a9aa000 	C:\WINDOWS\System32\msvcp_win.dll
0x00007ff9038c0000 - 0x00007ff9038ca000 	C:\WINDOWS\SYSTEM32\VERSION.dll
0x00007ff90c650000 - 0x00007ff90c681000 	C:\WINDOWS\System32\IMM32.DLL
0x00007ff901e60000 - 0x00007ff901e6c000 	C:\Program Files\Java\jdk-17\bin\vcruntime140_1.dll
0x00007ff8ef2d0000 - 0x00007ff8ef35e000 	C:\Program Files\Java\jdk-17\bin\msvcp140.dll
0x00007ff8bade0000 - 0x00007ff8bb9c1000 	C:\Program Files\Java\jdk-17\bin\server\jvm.dll
0x00007ff90c520000 - 0x00007ff90c528000 	C:\WINDOWS\System32\PSAPI.DLL
0x00007ff9051b0000 - 0x00007ff9051b9000 	C:\WINDOWS\SYSTEM32\WSOCK32.dll
0x00007ff90cd50000 - 0x00007ff90cdc1000 	C:\WINDOWS\System32\WS2_32.dll
0x00007ff8ff6b0000 - 0x00007ff8ff6e4000 	C:\WINDOWS\SYSTEM32\WINMM.dll
0x00007ff909a30000 - 0x00007ff909a48000 	C:\WINDOWS\SYSTEM32\kernel.appcore.dll
0x00007ff8ff460000 - 0x00007ff8ff46a000 	C:\Program Files\Java\jdk-17\bin\jimage.dll
0x00007ff907d10000 - 0x00007ff907f43000 	C:\WINDOWS\SYSTEM32\DBGHELP.DLL
0x00007ff90cf20000 - 0x00007ff90d2a9000 	C:\WINDOWS\System32\combase.dll
0x00007ff90c040000 - 0x00007ff90c117000 	C:\WINDOWS\System32\OLEAUT32.dll
0x00007ff8fdfe0000 - 0x00007ff8fe012000 	C:\WINDOWS\SYSTEM32\dbgcore.DLL
0x00007ff90b200000 - 0x00007ff90b27a000 	C:\WINDOWS\System32\bcryptPrimitives.dll
0x00007ff8f5170000 - 0x00007ff8f5195000 	C:\Program Files\Java\jdk-17\bin\java.dll

dbghelp: loaded successfully - version: 4.0.5 - missing functions: none
symbol engine: initialized successfully - sym options: 0x614 - pdb path: .;C:\Program Files\Java\jdk-17\bin;C:\WINDOWS\SYSTEM32;C:\WINDOWS\WinSxS\amd64_microsoft.windows.common-controls_6595b64144ccf1df_6.0.22621.2506_none_270c5ae97388e100;C:\Program Files\Java\jdk-17\bin\server

VM Arguments:
jvm_args: -Dfile.encoding=UTF-8 -Dstdout.encoding=UTF-8 -Dstderr.encoding=UTF-8 -XX:+ShowCodeDetailsInExceptionMessages 
java_command: irctc.PACKAGE.COM.IRCTC_Test
java_class_path (initial): C:\Users\Windows\eclipse-workspace\ZooManagementSystem\target\test-classes;C:\Users\Windows\eclipse-workspace\ZooManagementSystem\target\classes;C:\Users\Windows\.p2\pool\plugins\org.testng_7.4.0.r202105021533.jar;C:\Users\Windows\.p2\pool\plugins\com.beust.jcommander_1.78.0.jar;C:\Users\Windows\.p2\pool\plugins\org.apache-extras.beanshell.bsh_2.0.0.b6.jar;C:\Users\Windows\.p2\pool\plugins\org.yaml.snakeyaml_1.21.0.jar;C:\Users\Windows\.p2\pool\plugins\org.webjars.jquery_3.5.1.jar;C:\Users\Windows\.m2\repository\org\seleniumhq\selenium\selenium-java\4.11.0\selenium-java-4.11.0.jar;C:\Users\Windows\.m2\repository\org\seleniumhq\selenium\selenium-api\4.11.0\selenium-api-4.11.0.jar;C:\Users\Windows\.m2\repository\org\seleniumhq\selenium\selenium-chrome-driver\4.11.0\selenium-chrome-driver-4.11.0.jar;C:\Users\Windows\.m2\repository\com\google\auto\service\auto-service-annotations\1.0.1\auto-service-annotations-1.0.1.jar;C:\Users\Windows\.m2\repository\com\google\guava\guava\31.1-jre\guava-31.1-jre.jar;C:\Users\Windows\.m2\repository\com\google\guava\failureaccess\1.0.1\failureaccess-1.0.1.jar;C:\Users\Windows\.m2\repository\com\google\guava\listenablefuture\9999.0-empty-to-avoid-conflict-with-guava\listenablefuture-9999.0-empty-to-avoid-conflict-with-guava.jar;C:\Users\Windows\.m2\repository\com\google\code\findbugs\jsr305\3.0.2\jsr305-3.0.2.jar;C:\Users\Windows\.m2\repository\org\checkerframework\checker-qual\3.12.0\checker-qual-3.12.0.jar;C:\Users\Windows\.m2\repository\com\google\errorprone\error_prone_annotations\2.11.0\error_prone_annotations-2.11.0.jar;C:\Users\Windows\.m2\repository\com\google\j2objc\j2objc-annotations\1.3\j2objc-annotations-1.3.jar;C:\Users\Windows\.m2\repository\org\seleniumhq\selenium\selenium-chromium-driver\4.11.0\selenium-chromium-driver-4.11.0.jar;C:\Users\Windows\.m2\repository\org\seleniumhq\selenium\selenium-json\4.11.0\selenium-json-4.11.0.jar;C:\Users\Windows\.m2\repository\org\seleniumhq\selenium\selenium
Launcher Type: SUN_STANDARD

[Global flags]
     intx CICompilerCount                          = 4                                         {product} {ergonomic}
     uint ConcGCThreads                            = 2                                         {product} {ergonomic}
     uint G1ConcRefinementThreads                  = 8                                         {product} {ergonomic}
   size_t G1HeapRegionSize                         = 1048576                                   {product} {ergonomic}
    uintx GCDrainStackTargetSize                   = 64                                        {product} {ergonomic}
   size_t InitialHeapSize                          = 130023424                                 {product} {ergonomic}
   size_t MarkStackSize                            = 4194304                                   {product} {ergonomic}
   size_t MaxHeapSize                              = 2078277632                                {product} {ergonomic}
   size_t MinHeapDeltaBytes                        = 1048576                                   {product} {ergonomic}
   size_t MinHeapSize                              = 8388608                                   {product} {ergonomic}
    uintx NonNMethodCodeHeapSize                   = 5839372                                {pd product} {ergonomic}
    uintx NonProfiledCodeHeapSize                  = 122909434                              {pd product} {ergonomic}
    uintx ProfiledCodeHeapSize                     = 122909434                              {pd product} {ergonomic}
    uintx ReservedCodeCacheSize                    = 251658240                              {pd product} {ergonomic}
     bool SegmentedCodeCache                       = true                                      {product} {ergonomic}
     bool ShowCodeDetailsInExceptionMessages       = true                                   {manageable} {command line}
   size_t SoftMaxHeapSize                          = 2078277632                             {manageable} {ergonomic}
     bool UseCompressedClassPointers               = true                           {product lp64_product} {ergonomic}
     bool UseCompressedOops                        = true                           {product lp64_product} {ergonomic}
     bool UseG1GC                                  = true                                      {product} {ergonomic}
     bool UseLargePagesIndividualAllocation        = false                                  {pd product} {ergonomic}

Logging:
Log output configuration:
 #0: stdout all=warning uptime,level,tags
 #1: stderr all=off uptime,level,tags

Environment Variables:
PATH=C:/Users/Windows/.p2/pool/plugins/org.eclipse.justj.openjdk.hotspot.jre.full.win32.x86_64_17.0.9.v20231028-0858/jre/bin/server;C:/Users/Windows/.p2/pool/plugins/org.eclipse.justj.openjdk.hotspot.jre.full.win32.x86_64_17.0.9.v20231028-0858/jre/bin;C:\Program Files\Common Files\Oracle\Java\javapath;C:\Windows\system32;C:\Windows;C:\Windows\System32\Wbem;C:\Windows\System32\WindowsPowerShell\v1.0\;C:\Windows\System32\OpenSSH\;C:\Program Files\NVIDIA Corporation\NVIDIA NvDLISR;C:\Program Files\dotnet\;C:\WINDOWS\system32;C:\WINDOWS;C:\WINDOWS\System32\Wbem;C:\WINDOWS\System32\WindowsPowerShell\v1.0\;C:\WINDOWS\System32\OpenSSH\;C:\Program Files\apache-maven-3.9.6\bin;C:\Program Files\Java\jdk-17\bin;C:\Users\Windows\AppData\Local\Microsoft\WindowsApps;C:\Program Files\apache-maven-3.9.6;C:\Program Files\Java\jdk-17;;C:\WINDOWS\system32;
USERNAME=Windows
OS=Windows_NT
PROCESSOR_IDENTIFIER=Intel64 Family 6 Model 140 Stepping 1, GenuineIntel



---------------  S Y S T E M  ---------------

OS:
 Windows 11 , 64 bit Build 22621 (10.0.22621.2506)
OS uptime: 13 days 19:16 hours

CPU: total 8 (initial active 8) (4 cores per cpu, 2 threads per core) family 6 model 140 stepping 1 microcode 0xb4, cx8, cmov, fxsr, ht, mmx, 3dnowpref, sse, sse2, sse3, ssse3, sse4.1, sse4.2, popcnt, lzcnt, tsc, tscinvbit, avx, avx2, aes, erms, clmul, bmi1, bmi2, adx, avx512f, avx512dq, avx512cd, avx512bw, avx512vl, sha, fma, vzeroupper, avx512_vpopcntdq, avx512_vpclmulqdq, avx512_vaes, avx512_vnni, clflush, clflushopt, clwb, avx512_vbmi2, avx512_vbmi

Memory: 4k page, system-wide physical 7926M (691M free)
TotalPageFile size 32502M (AvailPageFile size 110M)
current process WorkingSet (physical memory assigned to process): 10M, peak: 10M
current process commit charge ("private bytes"): 60M, peak: 184M

vm_info: Java HotSpot(TM) 64-Bit Server VM (17.0.9+11-LTS-201) for windows-amd64 JRE (17.0.9+11-LTS-201), built on Oct 10 2023 23:16:06 by "mach5one" with MS VC++ 17.1 (VS2022)

END.
